<?xml version="1.0" encoding="UTF-8"?>
<testsuite xmlns:xsi="http://www.w3.org/2001/XMLSchema-instance" xsi:noNamespaceSchemaLocation="https://maven.apache.org/surefire/maven-surefire-plugin/xsd/surefire-test-report.xsd" name="com.nexustrack.report.service.ExcelReportGeneratorTest" time="0.367" tests="4" errors="0" skipped="0" failures="0">
  <properties>
[...]
</properties>
  <testcase name="generate_startsWithXlsxMagicBytes" classname="com.nexustrack.report.service.ExcelReportGeneratorTest" time="0.28"/>
  <testcase name="generate_returnsNonEmptyByteArray" classname="com.nexustrack.report.service.ExcelReportGeneratorTest" time="0.01"/>
  <testcase name="generate_handlesEmptyRowList" classname="com.nexustrack.report.service.ExcelReportGeneratorTest" time="0.008"/>
  <testcase name="generate_handlesLargeDataset" classname="com.nexustrack.report.service.ExcelReportGeneratorTest" time="0.063"/>
</testsuite>